<?xml version="1.0" encoding="UTF-8"?>
<!-- Generated by org.testng.reporters.JUnitXMLReporter -->
<testsuite ignored="9" hostname="DESKTOP-PTF1H2O" failures="1" tests="1" name="Default test" time="128.867" errors="0" timestamp="2024-03-05T18:32:04 IST">
  <testcase classname="com.buildpiper.testcases.ServiceCreationComprehensiveTestCases" name="CreateandBuildService_withExtraParameter" time="114.317">
    <failure type="java.lang.AssertionError" message="expected [~!`3#$%^&amp;amp;&amp;amp;*( yt 12345+_-:;\&amp;quot;[]{]] but found [~!`3#$%^&amp;amp;&amp;amp;*( yt 12345+_-:;&amp;quot;[]{]]">
      <![CDATA[java.lang.AssertionError: expected [~!`3#$%^&&*( yt 12345+_-:;\"[]{]] but found [~!`3#$%^&&*( yt 12345+_-:;"[]{]]
at org.testng.Assert.fail(Assert.java:97)
at org.testng.Assert.assertEqualsImpl(Assert.java:136)
at org.testng.Assert.assertEquals(Assert.java:118)
at org.testng.Assert.assertEquals(Assert.java:575)
at org.testng.Assert.assertEquals(Assert.java:585)
at com.buildpiper.pages.BuildConfigurationPage.CreateAndValidateBuildConfig_withExtraParameters(BuildConfigurationPage.java:380)
at com.buildpiper.testcases.ServiceCreationComprehensiveTestCases.CreateandBuildService_withExtraParameter(ServiceCreationComprehensiveTestCases.java:487)
at java.base/jdk.internal.reflect.DirectMethodHandleAccessor.invoke(DirectMethodHandleAccessor.java:104)
at java.base/java.lang.reflect.Method.invoke(Method.java:578)
at org.testng.internal.MethodInvocationHelper.invokeMethod(MethodInvocationHelper.java:134)
at org.testng.internal.TestInvoker.invokeMethod(TestInvoker.java:597)
at org.testng.internal.TestInvoker.invokeTestMethod(TestInvoker.java:173)
at org.testng.internal.MethodRunner.runInSequence(MethodRunner.java:46)
at org.testng.internal.TestInvoker$MethodInvocationAgent.invoke(TestInvoker.java:816)
at org.testng.internal.TestInvoker.invokeTestMethods(TestInvoker.java:146)
at org.testng.internal.TestMethodWorker.invokeTestMethods(TestMethodWorker.java:146)
at org.testng.internal.TestMethodWorker.run(TestMethodWorker.java:128)
at java.base/java.util.ArrayList.forEach(ArrayList.java:1511)
at org.testng.TestRunner.privateRun(TestRunner.java:766)
at org.testng.TestRunner.run(TestRunner.java:587)
at org.testng.SuiteRunner.runTest(SuiteRunner.java:384)
at org.testng.SuiteRunner.runSequentially(SuiteRunner.java:378)
at org.testng.SuiteRunner.privateRun(SuiteRunner.java:337)
at org.testng.SuiteRunner.run(SuiteRunner.java:286)
at org.testng.SuiteRunnerWorker.runSuite(SuiteRunnerWorker.java:53)
at org.testng.SuiteRunnerWorker.run(SuiteRunnerWorker.java:96)
at org.testng.TestNG.runSuitesSequentially(TestNG.java:1187)
at org.testng.TestNG.runSuitesLocally(TestNG.java:1109)
at org.testng.TestNG.runSuites(TestNG.java:1039)
at org.testng.TestNG.run(TestNG.java:1007)
at org.testng.remote.AbstractRemoteTestNG.run(AbstractRemoteTestNG.java:115)
at org.testng.remote.RemoteTestNG.initAndRun(RemoteTestNG.java:251)
at org.testng.remote.RemoteTestNG.main(RemoteTestNG.java:77)
]]>
    </failure>
  </testcase> <!-- CreateandBuildService_withExtraParameter -->
  <testcase classname="com.buildpiper.testcases.ServiceCreationComprehensiveTestCases" name="deploymentRestart" time="0.0">
    <ignored/>
  </testcase> <!-- deploymentRestart -->
  <testcase classname="com.buildpiper.testcases.ServiceCreationComprehensiveTestCases" name="serviceOverview_TriggerBuild_NoCache" time="0.0">
    <ignored/>
  </testcase> <!-- serviceOverview_TriggerBuild_NoCache -->
  <testcase classname="com.buildpiper.testcases.ServiceCreationComprehensiveTestCases" name="BuildDetailstoDeploymentAccessibilty" time="0.0">
    <ignored/>
  </testcase> <!-- BuildDetailstoDeploymentAccessibilty -->
  <testcase classname="com.buildpiper.testcases.ServiceCreationComprehensiveTestCases" name="serviceOverview_History" time="0.0">
    <ignored/>
  </testcase> <!-- serviceOverview_History -->
  <testcase classname="com.buildpiper.testcases.ServiceCreationComprehensiveTestCases" name="serviceOverview_Deploy" time="0.0">
    <ignored/>
  </testcase> <!-- serviceOverview_Deploy -->
  <testcase classname="com.buildpiper.testcases.ServiceCreationComprehensiveTestCases" name="CreateandBuildService_withStopedEnvironment" time="0.0">
    <ignored/>
  </testcase> <!-- CreateandBuildService_withStopedEnvironment -->
  <testcase classname="com.buildpiper.testcases.ServiceCreationComprehensiveTestCases" name="serviceOverview_Promote" time="0.0">
    <ignored/>
  </testcase> <!-- serviceOverview_Promote -->
  <testcase classname="com.buildpiper.testcases.ServiceCreationComprehensiveTestCases" name="serviceOverview_TriggerBuild_Cache" time="0.0">
    <ignored/>
  </testcase> <!-- serviceOverview_TriggerBuild_Cache -->
  <testcase classname="com.buildpiper.testcases.ServiceCreationComprehensiveTestCases" name="serviceOverview_TriggerBuildAndDeploy_Cache" time="0.0">
    <ignored/>
  </testcase> <!-- serviceOverview_TriggerBuildAndDeploy_Cache -->
</testsuite> <!-- Default test -->
