<?xml version="1.0" encoding="UTF-8"?>
<!-- Generated by org.testng.reporters.JUnitReportReporter -->
<testsuite hostname="DESKTOP-PTF1H2O" failures="1" tests="1" name="com.buildpiper.testcases.CardbiteScan" time="104.007" errors="0" timestamp="2024-02-29T15:39:56 IST" skipped="0">
  <testcase classname="com.buildpiper.testcases.CardbiteScan" name="createServ" time="104.007">
    <failure message="expected [RUNNING] but found [IN QUEUE]" type="java.lang.AssertionError">
      <![CDATA[java.lang.AssertionError: expected [RUNNING] but found [IN QUEUE]
at org.testng.Assert.fail(Assert.java:97)
at org.testng.Assert.assertEqualsImpl(Assert.java:136)
at org.testng.Assert.assertEquals(Assert.java:118)
at org.testng.Assert.assertEquals(Assert.java:575)
at org.testng.Assert.assertEquals(Assert.java:585)
at com.buildpiper.pages.ServiceCreationPage.Verify_buildStatus(ServiceCreationPage.java:2252)
at com.buildpiper.testcases.CardbiteScan.createServ(CardbiteScan.java:111)
at java.base/jdk.internal.reflect.DirectMethodHandleAccessor.invoke(DirectMethodHandleAccessor.java:104)
at java.base/java.lang.reflect.Method.invoke(Method.java:578)
at org.testng.internal.MethodInvocationHelper.invokeMethod(MethodInvocationHelper.java:134)
at org.testng.internal.TestInvoker.invokeMethod(TestInvoker.java:597)
at org.testng.internal.TestInvoker.invokeTestMethod(TestInvoker.java:173)
at org.testng.internal.MethodRunner.runInSequence(MethodRunner.java:46)
at org.testng.internal.TestInvoker$MethodInvocationAgent.invoke(TestInvoker.java:816)
at org.testng.internal.TestInvoker.invokeTestMethods(TestInvoker.java:146)
at org.testng.internal.TestMethodWorker.invokeTestMethods(TestMethodWorker.java:146)
at org.testng.internal.TestMethodWorker.run(TestMethodWorker.java:128)
at java.base/java.util.ArrayList.forEach(ArrayList.java:1511)
at org.testng.TestRunner.privateRun(TestRunner.java:766)
at org.testng.TestRunner.run(TestRunner.java:587)
at org.testng.SuiteRunner.runTest(SuiteRunner.java:384)
at org.testng.SuiteRunner.runSequentially(SuiteRunner.java:378)
at org.testng.SuiteRunner.privateRun(SuiteRunner.java:337)
at org.testng.SuiteRunner.run(SuiteRunner.java:286)
at org.testng.SuiteRunnerWorker.runSuite(SuiteRunnerWorker.java:53)
at org.testng.SuiteRunnerWorker.run(SuiteRunnerWorker.java:96)
at org.testng.TestNG.runSuitesSequentially(TestNG.java:1187)
at org.testng.TestNG.runSuitesLocally(TestNG.java:1109)
at org.testng.TestNG.runSuites(TestNG.java:1039)
at org.testng.TestNG.run(TestNG.java:1007)
at org.testng.remote.AbstractRemoteTestNG.run(AbstractRemoteTestNG.java:115)
at org.testng.remote.RemoteTestNG.initAndRun(RemoteTestNG.java:251)
at org.testng.remote.RemoteTestNG.main(RemoteTestNG.java:77)
]]>
    </failure>
  </testcase> <!-- createServ -->
  <system-out>
checking if driver exist <img src=D:\BuildPiper_Rahul\Reports\29Feb_153810\createServ_chrome\createServ_chrome_60_Feb_153827.jpg alt='Lamp' width='500' height='400'> checking if driver exist <img src=D:\BuildPiper_Rahul\Reports\29Feb_153810\createServ_chrome\createServ_chrome_60_Feb_153828.jpg alt='Lamp' width='500' height='400'> Element : xpath: //button[@type='button' and @aria-controls='menu-appbar']//div//div]is displayed on screen Clicking on element userMenuAppBar <img src=D:\BuildPiper_Rahul\Reports\29Feb_153810\createServ_chrome\createServ_chrome_60_Feb_153828.jpg alt='Lamp' width='500' height='400'> Element : xpath: //button[contains(@class,'btn-link-green')][text()=' Switch to User Portal']]is displayed on screen Clicking on element switching to user account <img src=D:\BuildPiper_Rahul\Reports\29Feb_153810\createServ_chrome\createServ_chrome_60_Feb_153828.jpg alt='Lamp' width='500' height='400'> Element : xpath: //li//button[contains(@class,'main-nav-1')]//span[1][@title]]is displayed on screen Element is present  xpath: //li//button[contains(@class,'main-nav-1')]//span[1][@title]] <img src=D:\BuildPiper_Rahul\Reports\29Feb_153810\createServ_chrome\createServ_chrome_60_Feb_153833.jpg alt='Lamp' width='500' height='400'> Element : xpath: //button//span[2][@class='flaticon-expand-arrow']/../..//div//span[@title='Service Overview']/span]is displayed on screen Element is present  xpath: //button//span[2][@class='flaticon-expand-arrow']/../..//div//span[@title='Service Overview']/span] <img src=D:\BuildPiper_Rahul\Reports\29Feb_153810\createServ_chrome\createServ_chrome_60_Feb_153833.jpg alt='Lamp' width='500' height='400'> Element : xpath: //input[@placeholder='Name']]is displayed on screen Element is present  xpath: //input[@placeholder='Name']] <img src=D:\BuildPiper_Rahul\Reports\29Feb_153810\createServ_chrome\createServ_chrome_60_Feb_153843.jpg alt='Lamp' width='500' height='400'> Element : xpath: //input[@placeholder='Name']]is displayed on screen Clicking on element clicks on environment overview tab under applicartion name <img src=D:\BuildPiper_Rahul\Reports\29Feb_153810\createServ_chrome\createServ_chrome_60_Feb_153844.jpg alt='Lamp' width='500' height='400'> Element : xpath: //input[@placeholder='Name']]is displayed on screen checking if driver exist <img src=D:\BuildPiper_Rahul\Reports\29Feb_153810\createServ_chrome\createServ_chrome_60_Feb_153849.jpg alt='Lamp' width='500' height='400'> Element : xpath: //button[@title='Build']]is displayed on screen Clicking on element buildButton <img src=D:\BuildPiper_Rahul\Reports\29Feb_153810\createServ_chrome\createServ_chrome_60_Feb_153849.jpg alt='Lamp' width='500' height='400'> checking if driver exist <img src=D:\BuildPiper_Rahul\Reports\29Feb_153810\createServ_chrome\createServ_chrome_60_Feb_153925.jpg alt='Lamp' width='500' height='400'> Element : xpath: //input[@name='branch_name']]is displayed on screen Clicking on element branchInput <img src=D:\BuildPiper_Rahul\Reports\29Feb_153810\createServ_chrome\createServ_chrome_60_Feb_153925.jpg alt='Lamp' width='500' height='400'> Element : xpath: //button[@title='Clear']]is displayed on screen Clicking on element clear branch <img src=D:\BuildPiper_Rahul\Reports\29Feb_153810\createServ_chrome\createServ_chrome_60_Feb_153927.jpg alt='Lamp' width='500' height='400'> Element : xpath: //input[@name='branch_name']]is displayed on screen checking if driver exist <img src=D:\BuildPiper_Rahul\Reports\29Feb_153810\createServ_chrome\createServ_chrome_60_Feb_153941.jpg alt='Lamp' width='500' height='400'> Element : xpath: //button[text()='Trigger Build']]is displayed on screen Clicking on element triggerBuild <img src=D:\BuildPiper_Rahul\Reports\29Feb_153810\createServ_chrome\createServ_chrome_60_Feb_153941.jpg alt='Lamp' width='500' height='400'> checking if driver exist <img src=D:\BuildPiper_Rahul\Reports\29Feb_153810\createServ_chrome\createServ_chrome_60_Feb_153951.jpg alt='Lamp' width='500' height='400'> Element : xpath: //div[contains(@class,'popup-card mb')]//button[@class='btn-round border-navy bg-clear-btn']]is displayed on screen Clicking on element refresh BuildandDeploy button <img src=D:\BuildPiper_Rahul\Reports\29Feb_153810\createServ_chrome\createServ_chrome_60_Feb_153952.jpg alt='Lamp' width='500' height='400'> checking if driver exist <img src=D:\BuildPiper_Rahul\Reports\29Feb_153810\createServ_chrome\createServ_chrome_60_Feb_153955.jpg alt='Lamp' width='500' height='400'> Element : xpath: //div[contains(@class,'popup-card')]//td//div[contains(@class,'round-chip')]]is displayed on screen Element is present  xpath: //div[contains(@class,'popup-card')]//td//div[contains(@class,'round-chip')]] <img src=D:\BuildPiper_Rahul\Reports\29Feb_153810\createServ_chrome\createServ_chrome_60_Feb_153955.jpg alt='Lamp' width='500' height='400'> Result upload to testlink is disabled, Please ensure you have 'UpdateTestLink=Yes' in project.properties  ####### End of Test Case: createServ #######  </system-out>
</testsuite> <!-- com.buildpiper.testcases.CardbiteScan -->
