<?xml version="1.0" encoding="UTF-8"?>
<!-- Generated by org.testng.reporters.JUnitReportReporter -->
<testsuite hostname="DESKTOP-PTF1H2O" failures="0" tests="1" name="com.buildpiper.testcases.MajorRelease3_1" time="103.020" errors="1" timestamp="2023-10-18T18:30:40 IST" skipped="0">
  <testcase classname="com.buildpiper.testcases.MajorRelease3_1" name="BPVersioning" time="103.020">
    <error message="no such window: target window already closed
from unknown error: web view not found
  (Session info: chrome=118.0.5993.88)
Build info: version: &#039;3.141.59&#039;, revision: &#039;e82be7d358&#039;, time: &#039;2018-11-14T08:17:03&#039;
System info: host: &#039;DESKTOP-PTF1H2O&#039;, ip: &#039;192.168.1.9&#039;, os.name: &#039;Windows 10&#039;, os.arch: &#039;amd64&#039;, os.version: &#039;10.0&#039;, java.version: &#039;19.0.1&#039;
Driver info: org.openqa.selenium.chrome.ChromeDriver
Capabilities {acceptInsecureCerts: false, browserName: chrome, browserVersion: 118.0.5993.88, chrome: {chromedriverVersion: 118.0.5993.70 (e52f33f30b91..., userDataDir: C:\Users\Rahul\AppData\Loca...}, fedcm:accounts: true, goog:chromeOptions: {debuggerAddress: localhost:57892}, javascriptEnabled: true, networkConnectionEnabled: false, pageLoadStrategy: normal, platform: WINDOWS, platformName: WINDOWS, proxy: Proxy(), setWindowRect: true, strictFileInteractability: false, timeouts: {implicit: 0, pageLoad: 300000, script: 30000}, unhandledPromptBehavior: dismiss and notify, webauthn:extension:credBlob: true, webauthn:extension:largeBlob: true, webauthn:extension:minPinLength: true, webauthn:extension:prf: true, webauthn:virtualAuthenticators: true}
Session ID: 93eb72c2f9dd0f6a6352e678c7721815
*** Element info: {Using=xpath, value=//button[@title=&#039;Clear&#039;]}" type="org.openqa.selenium.NoSuchWindowException">
      <![CDATA[org.openqa.selenium.NoSuchWindowException: no such window: target window already closed
from unknown error: web view not found
  (Session info: chrome=118.0.5993.88)
Build info: version: '3.141.59', revision: 'e82be7d358', time: '2018-11-14T08:17:03'
System info: host: 'DESKTOP-PTF1H2O', ip: '192.168.1.9', os.name: 'Windows 10', os.arch: 'amd64', os.version: '10.0', java.version: '19.0.1'
Driver info: org.openqa.selenium.chrome.ChromeDriver
Capabilities {acceptInsecureCerts: false, browserName: chrome, browserVersion: 118.0.5993.88, chrome: {chromedriverVersion: 118.0.5993.70 (e52f33f30b91..., userDataDir: C:\Users\Rahul\AppData\Loca...}, fedcm:accounts: true, goog:chromeOptions: {debuggerAddress: localhost:57892}, javascriptEnabled: true, networkConnectionEnabled: false, pageLoadStrategy: normal, platform: WINDOWS, platformName: WINDOWS, proxy: Proxy(), setWindowRect: true, strictFileInteractability: false, timeouts: {implicit: 0, pageLoad: 300000, script: 30000}, unhandledPromptBehavior: dismiss and notify, webauthn:extension:credBlob: true, webauthn:extension:largeBlob: true, webauthn:extension:minPinLength: true, webauthn:extension:prf: true, webauthn:virtualAuthenticators: true}
Session ID: 93eb72c2f9dd0f6a6352e678c7721815
*** Element info: {Using=xpath, value=//button[@title='Clear']}
at java.base/jdk.internal.reflect.DirectConstructorHandleAccessor.newInstance(DirectConstructorHandleAccessor.java:67)
at java.base/java.lang.reflect.Constructor.newInstanceWithCaller(Constructor.java:500)
at java.base/java.lang.reflect.Constructor.newInstance(Constructor.java:484)
at org.openqa.selenium.remote.http.W3CHttpResponseCodec.createException(W3CHttpResponseCodec.java:187)
at org.openqa.selenium.remote.http.W3CHttpResponseCodec.decode(W3CHttpResponseCodec.java:122)
at org.openqa.selenium.remote.http.W3CHttpResponseCodec.decode(W3CHttpResponseCodec.java:49)
at org.openqa.selenium.remote.HttpCommandExecutor.execute(HttpCommandExecutor.java:158)
at org.openqa.selenium.remote.service.DriverCommandExecutor.execute(DriverCommandExecutor.java:83)
at org.openqa.selenium.remote.RemoteWebDriver.execute(RemoteWebDriver.java:552)
at org.openqa.selenium.remote.RemoteWebDriver.findElement(RemoteWebDriver.java:323)
at org.openqa.selenium.remote.RemoteWebDriver.findElementByXPath(RemoteWebDriver.java:428)
at org.openqa.selenium.By$ByXPath.findElement(By.java:353)
at org.openqa.selenium.remote.RemoteWebDriver.findElement(RemoteWebDriver.java:315)
at org.openqa.selenium.support.pagefactory.DefaultElementLocator.findElement(DefaultElementLocator.java:69)
at org.openqa.selenium.support.pagefactory.internal.LocatingElementHandler.invoke(LocatingElementHandler.java:38)
at jdk.proxy2/jdk.proxy2.$Proxy26.isDisplayed(Unknown Source)
at com.buildpiper.capabilities.UICapability.ui_IsElementDisplay(UICapability.java:187)
at com.buildpiper.capabilities.UICapability.ui_click(UICapability.java:66)
at com.buildpiper.base.Capability.ui_click(Capability.java:69)
at com.buildpiper.pages.BuildConfigurationPage.CreateAndValidateBuildConfig(BuildConfigurationPage.java:212)
at com.buildpiper.testcases.MajorRelease3_1.BPVersioning(MajorRelease3_1.java:119)
at java.base/jdk.internal.reflect.DirectMethodHandleAccessor.invoke(DirectMethodHandleAccessor.java:104)
at java.base/java.lang.reflect.Method.invoke(Method.java:578)
at org.testng.internal.MethodInvocationHelper.invokeMethod(MethodInvocationHelper.java:134)
at org.testng.internal.TestInvoker.invokeMethod(TestInvoker.java:597)
at org.testng.internal.TestInvoker.invokeTestMethod(TestInvoker.java:173)
at org.testng.internal.MethodRunner.runInSequence(MethodRunner.java:46)
at org.testng.internal.TestInvoker$MethodInvocationAgent.invoke(TestInvoker.java:816)
at org.testng.internal.TestInvoker.invokeTestMethods(TestInvoker.java:146)
at org.testng.internal.TestMethodWorker.invokeTestMethods(TestMethodWorker.java:146)
at org.testng.internal.TestMethodWorker.run(TestMethodWorker.java:128)
at java.base/java.util.ArrayList.forEach(ArrayList.java:1511)
at org.testng.TestRunner.privateRun(TestRunner.java:766)
at org.testng.TestRunner.run(TestRunner.java:587)
at org.testng.SuiteRunner.runTest(SuiteRunner.java:384)
at org.testng.SuiteRunner.runSequentially(SuiteRunner.java:378)
at org.testng.SuiteRunner.privateRun(SuiteRunner.java:337)
at org.testng.SuiteRunner.run(SuiteRunner.java:286)
at org.testng.SuiteRunnerWorker.runSuite(SuiteRunnerWorker.java:53)
at org.testng.SuiteRunnerWorker.run(SuiteRunnerWorker.java:96)
at org.testng.TestNG.runSuitesSequentially(TestNG.java:1187)
at org.testng.TestNG.runSuitesLocally(TestNG.java:1109)
at org.testng.TestNG.runSuites(TestNG.java:1039)
at org.testng.TestNG.run(TestNG.java:1007)
at org.testng.remote.AbstractRemoteTestNG.run(AbstractRemoteTestNG.java:115)
at org.testng.remote.RemoteTestNG.initAndRun(RemoteTestNG.java:251)
at org.testng.remote.RemoteTestNG.main(RemoteTestNG.java:77)
]]>
    </error>
  </testcase> <!-- BPVersioning -->
  <system-out>
checking if driver exist Getting driver  Getting driver  Getting driver  Setting driver D:\buildpiper\BP-3.1MajorRelease\Reports\18Oct_182856\BPVersioning_chrome\BPVersioning_chrome_291_Oct_182859.jpg <a href=D:\buildpiper\BP-3.1MajorRelease\Reports\18Oct_182856\BPVersioning_chrome\BPVersioning_chrome_291_Oct_182859.jpg alt='alternative text'>Step</a> Getting driver  D:\buildpiper\BP-3.1MajorRelease\Reports\18Oct_182856\BPVersioning_chrome\BPVersioning_chrome_291_Oct_182859.jpg <a href=D:\buildpiper\BP-3.1MajorRelease\Reports\18Oct_182856\BPVersioning_chrome\BPVersioning_chrome_291_Oct_182859.jpg alt='alternative text'>Step</a> Launching driver D:\buildpiper\BP-3.1MajorRelease\Reports\18Oct_182856\BPVersioning_chrome\BPVersioning_chrome_291_Oct_182859.jpg <a href=D:\buildpiper\BP-3.1MajorRelease\Reports\18Oct_182856\BPVersioning_chrome\BPVersioning_chrome_291_Oct_182859.jpg alt='alternative text'>Step</a> Executing; ui_launch Element [[ChromeDriver: chrome on WINDOWS (93eb72c2f9dd0f6a6352e678c7721815)] -> name: email]is displayed on screen Setting value on element USER_NAME D:\buildpiper\BP-3.1MajorRelease\Reports\18Oct_182856\BPVersioning_chrome\BPVersioning_chrome_291_Oct_182902.jpg <a href=D:\buildpiper\BP-3.1MajorRelease\Reports\18Oct_182856\BPVersioning_chrome\BPVersioning_chrome_291_Oct_182902.jpg alt='alternative text'>Step</a> Element [[ChromeDriver: chrome on WINDOWS (93eb72c2f9dd0f6a6352e678c7721815)] -> name: password]is displayed on screen Setting value on element PASSWORD D:\buildpiper\BP-3.1MajorRelease\Reports\18Oct_182856\BPVersioning_chrome\BPVersioning_chrome_291_Oct_182902.jpg <a href=D:\buildpiper\BP-3.1MajorRelease\Reports\18Oct_182856\BPVersioning_chrome\BPVersioning_chrome_291_Oct_182902.jpg alt='alternative text'>Step</a> Element [[ChromeDriver: chrome on WINDOWS (93eb72c2f9dd0f6a6352e678c7721815)] -> xpath: //button[@type='submit']]is displayed on screen Clicking on element LOGIN_BTN D:\buildpiper\BP-3.1MajorRelease\Reports\18Oct_182856\BPVersioning_chrome\BPVersioning_chrome_291_Oct_182903.jpg <a href=D:\buildpiper\BP-3.1MajorRelease\Reports\18Oct_182856\BPVersioning_chrome\BPVersioning_chrome_291_Oct_182903.jpg alt='alternative text'>Step</a> Successful navigation is validated for LoginPage Getting driver  D:\buildpiper\BP-3.1MajorRelease\Reports\18Oct_182856\BPVersioning_chrome\BPVersioning_chrome_291_Oct_182903.jpg <a href=D:\buildpiper\BP-3.1MajorRelease\Reports\18Oct_182856\BPVersioning_chrome\BPVersioning_chrome_291_Oct_182903.jpg alt='alternative text'>Step</a> checking if driver exist D:\buildpiper\BP-3.1MajorRelease\Reports\18Oct_182856\BPVersioning_chrome\BPVersioning_chrome_291_Oct_182904.jpg <a href=D:\buildpiper\BP-3.1MajorRelease\Reports\18Oct_182856\BPVersioning_chrome\BPVersioning_chrome_291_Oct_182904.jpg alt='alternative text'>Step</a> Getting driver  D:\buildpiper\BP-3.1MajorRelease\Reports\18Oct_182856\BPVersioning_chrome\BPVersioning_chrome_291_Oct_182904.jpg <a href=D:\buildpiper\BP-3.1MajorRelease\Reports\18Oct_182856\BPVersioning_chrome\BPVersioning_chrome_291_Oct_182904.jpg alt='alternative text'>Step</a> Getting driver  D:\buildpiper\BP-3.1MajorRelease\Reports\18Oct_182856\BPVersioning_chrome\BPVersioning_chrome_291_Oct_182905.jpg <a href=D:\buildpiper\BP-3.1MajorRelease\Reports\18Oct_182856\BPVersioning_chrome\BPVersioning_chrome_291_Oct_182905.jpg alt='alternative text'>Step</a> checking if driver exist D:\buildpiper\BP-3.1MajorRelease\Reports\18Oct_182856\BPVersioning_chrome\BPVersioning_chrome_291_Oct_182905.jpg <a href=D:\buildpiper\BP-3.1MajorRelease\Reports\18Oct_182856\BPVersioning_chrome\BPVersioning_chrome_291_Oct_182905.jpg alt='alternative text'>Step</a> Getting driver  D:\buildpiper\BP-3.1MajorRelease\Reports\18Oct_182856\BPVersioning_chrome\BPVersioning_chrome_291_Oct_182905.jpg <a href=D:\buildpiper\BP-3.1MajorRelease\Reports\18Oct_182856\BPVersioning_chrome\BPVersioning_chrome_291_Oct_182905.jpg alt='alternative text'>Step</a> Getting driver  D:\buildpiper\BP-3.1MajorRelease\Reports\18Oct_182856\BPVersioning_chrome\BPVersioning_chrome_291_Oct_182905.jpg <a href=D:\buildpiper\BP-3.1MajorRelease\Reports\18Oct_182856\BPVersioning_chrome\BPVersioning_chrome_291_Oct_182905.jpg alt='alternative text'>Step</a> Element [[ChromeDriver: chrome on WINDOWS (93eb72c2f9dd0f6a6352e678c7721815)] -> xpath: //button[@type='button' and @aria-controls='menu-appbar']//div//div]is displayed on screen  Element +[[ChromeDriver: chrome on WINDOWS (93eb72c2f9dd0f6a6352e678c7721815)] -> xpath: //button[@type='button' and @aria-controls='menu-appbar']//div//div] is not clickable using selenium click D:\buildpiper\BP-3.1MajorRelease\Reports\18Oct_182856\BPVersioning_chrome\BPVersioning_chrome_291_Oct_182907.jpg <a href=D:\buildpiper\BP-3.1MajorRelease\Reports\18Oct_182856\BPVersioning_chrome\BPVersioning_chrome_291_Oct_182907.jpg alt='alternative text'>Step</a> Clicking on element userMenuAppBar D:\buildpiper\BP-3.1MajorRelease\Reports\18Oct_182856\BPVersioning_chrome\BPVersioning_chrome_291_Oct_182907.jpg <a href=D:\buildpiper\BP-3.1MajorRelease\Reports\18Oct_182856\BPVersioning_chrome\BPVersioning_chrome_291_Oct_182907.jpg alt='alternative text'>Step</a> Element [[ChromeDriver: chrome on WINDOWS (93eb72c2f9dd0f6a6352e678c7721815)] -> xpath: //span[text()='System Settings']]is displayed on screen Clicking on element Open System Settings D:\buildpiper\BP-3.1MajorRelease\Reports\18Oct_182856\BPVersioning_chrome\BPVersioning_chrome_291_Oct_182907.jpg <a href=D:\buildpiper\BP-3.1MajorRelease\Reports\18Oct_182856\BPVersioning_chrome\BPVersioning_chrome_291_Oct_182907.jpg alt='alternative text'>Step</a> checking if driver exist D:\buildpiper\BP-3.1MajorRelease\Reports\18Oct_182856\BPVersioning_chrome\BPVersioning_chrome_291_Oct_182907.jpg <a href=D:\buildpiper\BP-3.1MajorRelease\Reports\18Oct_182856\BPVersioning_chrome\BPVersioning_chrome_291_Oct_182907.jpg alt='alternative text'>Step</a> Getting driver  D:\buildpiper\BP-3.1MajorRelease\Reports\18Oct_182856\BPVersioning_chrome\BPVersioning_chrome_291_Oct_182908.jpg <a href=D:\buildpiper\BP-3.1MajorRelease\Reports\18Oct_182856\BPVersioning_chrome\BPVersioning_chrome_291_Oct_182908.jpg alt='alternative text'>Step</a> Getting driver  D:\buildpiper\BP-3.1MajorRelease\Reports\18Oct_182856\BPVersioning_chrome\BPVersioning_chrome_291_Oct_182908.jpg <a href=D:\buildpiper\BP-3.1MajorRelease\Reports\18Oct_182856\BPVersioning_chrome\BPVersioning_chrome_291_Oct_182908.jpg alt='alternative text'>Step</a> Element [[ChromeDriver: chrome on WINDOWS (93eb72c2f9dd0f6a6352e678c7721815)] -> xpath: //div[text()='Buildpiper Versioning ']]is displayed on screen Element is present [[ChromeDriver: chrome on WINDOWS (93eb72c2f9dd0f6a6352e678c7721815)] -> xpath: //div[text()='Buildpiper Versioning ']] D:\buildpiper\BP-3.1MajorRelease\Reports\18Oct_182856\BPVersioning_chrome\BPVersioning_chrome_291_Oct_182908.jpg <a href=D:\buildpiper\BP-3.1MajorRelease\Reports\18Oct_182856\BPVersioning_chrome\BPVersioning_chrome_291_Oct_182908.jpg alt='alternative text'>Step</a> Element [[ChromeDriver: chrome on WINDOWS (93eb72c2f9dd0f6a6352e678c7721815)] -> xpath: //div[text()='Buildpiper Versioning ']]is displayed on screen  Element +[[ChromeDriver: chrome on WINDOWS (93eb72c2f9dd0f6a6352e678c7721815)] -> xpath: //div[text()='Buildpiper Versioning ']] is not clickable using selenium click D:\buildpiper\BP-3.1MajorRelease\Reports\18Oct_182856\BPVersioning_chrome\BPVersioning_chrome_291_Oct_182909.jpg <a href=D:\buildpiper\BP-3.1MajorRelease\Reports\18Oct_182856\BPVersioning_chrome\BPVersioning_chrome_291_Oct_182909.jpg alt='alternative text'>Step</a> Clicking on element clicks on buildPiper Versioning button D:\buildpiper\BP-3.1MajorRelease\Reports\18Oct_182856\BPVersioning_chrome\BPVersioning_chrome_291_Oct_182909.jpg <a href=D:\buildpiper\BP-3.1MajorRelease\Reports\18Oct_182856\BPVersioning_chrome\BPVersioning_chrome_291_Oct_182909.jpg alt='alternative text'>Step</a> Element [[ChromeDriver: chrome on WINDOWS (93eb72c2f9dd0f6a6352e678c7721815)] -> xpath: //button[text()='Apply immediately']]is displayed on screen Clicking on element clicks on Apply Setting Immediately button D:\buildpiper\BP-3.1MajorRelease\Reports\18Oct_182856\BPVersioning_chrome\BPVersioning_chrome_291_Oct_182910.jpg <a href=D:\buildpiper\BP-3.1MajorRelease\Reports\18Oct_182856\BPVersioning_chrome\BPVersioning_chrome_291_Oct_182910.jpg alt='alternative text'>Step</a> checking if driver exist D:\buildpiper\BP-3.1MajorRelease\Reports\18Oct_182856\BPVersioning_chrome\BPVersioning_chrome_291_Oct_182910.jpg <a href=D:\buildpiper\BP-3.1MajorRelease\Reports\18Oct_182856\BPVersioning_chrome\BPVersioning_chrome_291_Oct_182910.jpg alt='alternative text'>Step</a> Getting driver  D:\buildpiper\BP-3.1MajorRelease\Reports\18Oct_182856\BPVersioning_chrome\BPVersioning_chrome_291_Oct_182910.jpg <a href=D:\buildpiper\BP-3.1MajorRelease\Reports\18Oct_182856\BPVersioning_chrome\BPVersioning_chrome_291_Oct_182910.jpg alt='alternative text'>Step</a> Getting driver  D:\buildpiper\BP-3.1MajorRelease\Reports\18Oct_182856\BPVersioning_chrome\BPVersioning_chrome_291_Oct_182910.jpg <a href=D:\buildpiper\BP-3.1MajorRelease\Reports\18Oct_182856\BPVersioning_chrome\BPVersioning_chrome_291_Oct_182910.jpg alt='alternative text'>Step</a> Element [[ChromeDriver: chrome on WINDOWS (93eb72c2f9dd0f6a6352e678c7721815)] -> xpath: //button[@type='button' and @aria-controls='menu-appbar']//div//div]is displayed on screen  Element +[[ChromeDriver: chrome on WINDOWS (93eb72c2f9dd0f6a6352e678c7721815)] -> xpath: //button[@type='button' and @aria-controls='menu-appbar']//div//div] is not clickable using selenium click D:\buildpiper\BP-3.1MajorRelease\Reports\18Oct_182856\BPVersioning_chrome\BPVersioning_chrome_291_Oct_182912.jpg <a href=D:\buildpiper\BP-3.1MajorRelease\Reports\18Oct_182856\BPVersioning_chrome\BPVersioning_chrome_291_Oct_182912.jpg alt='alternative text'>Step</a> Clicking on element userMenuAppBar D:\buildpiper\BP-3.1MajorRelease\Reports\18Oct_182856\BPVersioning_chrome\BPVersioning_chrome_291_Oct_182912.jpg <a href=D:\buildpiper\BP-3.1MajorRelease\Reports\18Oct_182856\BPVersioning_chrome\BPVersioning_chrome_291_Oct_182912.jpg alt='alternative text'>Step</a> Element [[ChromeDriver: chrome on WINDOWS (93eb72c2f9dd0f6a6352e678c7721815)] -> xpath: //button[contains(@class,'btn-link-green')][text()=' Switch to User Portal']]is displayed on screen Clicking on element switching to user account D:\buildpiper\BP-3.1MajorRelease\Reports\18Oct_182856\BPVersioning_chrome\BPVersioning_chrome_291_Oct_182912.jpg <a href=D:\buildpiper\BP-3.1MajorRelease\Reports\18Oct_182856\BPVersioning_chrome\BPVersioning_chrome_291_Oct_182912.jpg alt='alternative text'>Step</a> checking if driver exist D:\buildpiper\BP-3.1MajorRelease\Reports\18Oct_182856\BPVersioning_chrome\BPVersioning_chrome_291_Oct_182912.jpg <a href=D:\buildpiper\BP-3.1MajorRelease\Reports\18Oct_182856\BPVersioning_chrome\BPVersioning_chrome_291_Oct_182912.jpg alt='alternative text'>Step</a> Getting driver  D:\buildpiper\BP-3.1MajorRelease\Reports\18Oct_182856\BPVersioning_chrome\BPVersioning_chrome_291_Oct_182912.jpg <a href=D:\buildpiper\BP-3.1MajorRelease\Reports\18Oct_182856\BPVersioning_chrome\BPVersioning_chrome_291_Oct_182912.jpg alt='alternative text'>Step</a> Getting driver  D:\buildpiper\BP-3.1MajorRelease\Reports\18Oct_182856\BPVersioning_chrome\BPVersioning_chrome_291_Oct_182913.jpg <a href=D:\buildpiper\BP-3.1MajorRelease\Reports\18Oct_182856\BPVersioning_chrome\BPVersioning_chrome_291_Oct_182913.jpg alt='alternative text'>Step</a> Element [[ChromeDriver: chrome on WINDOWS (93eb72c2f9dd0f6a6352e678c7721815)] -> xpath: //li//button[contains(@class,'main-nav-1')]//span[1][@title]]is displayed on screen Element is present [[ChromeDriver: chrome on WINDOWS (93eb72c2f9dd0f6a6352e678c7721815)] -> xpath: //li//button[contains(@class,'main-nav-1')]//span[1][@title]] D:\buildpiper\BP-3.1MajorRelease\Reports\18Oct_182856\BPVersioning_chrome\BPVersioning_chrome_291_Oct_182918.jpg <a href=D:\buildpiper\BP-3.1MajorRelease\Reports\18Oct_182856\BPVersioning_chrome\BPVersioning_chrome_291_Oct_182918.jpg alt='alternative text'>Step</a> Element [[ChromeDriver: chrome on WINDOWS (93eb72c2f9dd0f6a6352e678c7721815)] -> xpath: //button//span[2][@class='flaticon-expand-arrow']/../..//div//span[@title='Service Overview']]is displayed on screen Clicking on element Poc_QA serviceOverviewLink D:\buildpiper\BP-3.1MajorRelease\Reports\18Oct_182856\BPVersioning_chrome\BPVersioning_chrome_291_Oct_182918.jpg <a href=D:\buildpiper\BP-3.1MajorRelease\Reports\18Oct_182856\BPVersioning_chrome\BPVersioning_chrome_291_Oct_182918.jpg alt='alternative text'>Step</a> Element [[ChromeDriver: chrome on WINDOWS (93eb72c2f9dd0f6a6352e678c7721815)] -> xpath: //a[@class='btn btn-submit']]is displayed on screen Element is present [[ChromeDriver: chrome on WINDOWS (93eb72c2f9dd0f6a6352e678c7721815)] -> xpath: //a[@class='btn btn-submit']] D:\buildpiper\BP-3.1MajorRelease\Reports\18Oct_182856\BPVersioning_chrome\BPVersioning_chrome_291_Oct_182919.jpg <a href=D:\buildpiper\BP-3.1MajorRelease\Reports\18Oct_182856\BPVersioning_chrome\BPVersioning_chrome_291_Oct_182919.jpg alt='alternative text'>Step</a> Element [[ChromeDriver: chrome on WINDOWS (93eb72c2f9dd0f6a6352e678c7721815)] -> xpath: //a[@class='btn btn-submit']]is displayed on screen Clicking on element Poc_QA addServiceBtn D:\buildpiper\BP-3.1MajorRelease\Reports\18Oct_182856\BPVersioning_chrome\BPVersioning_chrome_291_Oct_182919.jpg <a href=D:\buildpiper\BP-3.1MajorRelease\Reports\18Oct_182856\BPVersioning_chrome\BPVersioning_chrome_291_Oct_182919.jpg alt='alternative text'>Step</a> Element [[ChromeDriver: chrome on WINDOWS (93eb72c2f9dd0f6a6352e678c7721815)] -> xpath: //h1[@class='main-heading']]is displayed on screen Element is present [[ChromeDriver: chrome on WINDOWS (93eb72c2f9dd0f6a6352e678c7721815)] -> xpath: //h1[@class='main-heading']] D:\buildpiper\BP-3.1MajorRelease\Reports\18Oct_182856\BPVersioning_chrome\BPVersioning_chrome_291_Oct_182919.jpg <a href=D:\buildpiper\BP-3.1MajorRelease\Reports\18Oct_182856\BPVersioning_chrome\BPVersioning_chrome_291_Oct_182919.jpg alt='alternative text'>Step</a> Element [[ChromeDriver: chrome on WINDOWS (93eb72c2f9dd0f6a6352e678c7721815)] -> xpath: //p[(@class='hint-text-main-heading')]]is displayed on screen Element is present [[ChromeDriver: chrome on WINDOWS (93eb72c2f9dd0f6a6352e678c7721815)] -> xpath: //p[(@class='hint-text-main-heading')]] D:\buildpiper\BP-3.1MajorRelease\Reports\18Oct_182856\BPVersioning_chrome\BPVersioning_chrome_291_Oct_182920.jpg <a href=D:\buildpiper\BP-3.1MajorRelease\Reports\18Oct_182856\BPVersioning_chrome\BPVersioning_chrome_291_Oct_182920.jpg alt='alternative text'>Step</a> Element [[ChromeDriver: chrome on WINDOWS (93eb72c2f9dd0f6a6352e678c7721815)] -> xpath: //input[@placeholder='demo-app']]is displayed on screen Setting value on element sets service name D:\buildpiper\BP-3.1MajorRelease\Reports\18Oct_182856\BPVersioning_chrome\BPVersioning_chrome_291_Oct_182920.jpg <a href=D:\buildpiper\BP-3.1MajorRelease\Reports\18Oct_182856\BPVersioning_chrome\BPVersioning_chrome_291_Oct_182920.jpg alt='alternative text'>Step</a> Element [[ChromeDriver: chrome on WINDOWS (93eb72c2f9dd0f6a6352e678c7721815)] -> xpath: //input[@placeholder='Sample-Service']]is displayed on screen Setting value on element sets external name D:\buildpiper\BP-3.1MajorRelease\Reports\18Oct_182856\BPVersioning_chrome\BPVersioning_chrome_291_Oct_182920.jpg <a href=D:\buildpiper\BP-3.1MajorRelease\Reports\18Oct_182856\BPVersioning_chrome\BPVersioning_chrome_291_Oct_182920.jpg alt='alternative text'>Step</a> Element [[ChromeDriver: chrome on WINDOWS (93eb72c2f9dd0f6a6352e678c7721815)] -> xpath: //span[contains(.,'Build for every environment')]]is displayed on screen Clicking on element Poc_QA selectEveryRadioBtn D:\buildpiper\BP-3.1MajorRelease\Reports\18Oct_182856\BPVersioning_chrome\BPVersioning_chrome_291_Oct_182920.jpg <a href=D:\buildpiper\BP-3.1MajorRelease\Reports\18Oct_182856\BPVersioning_chrome\BPVersioning_chrome_291_Oct_182920.jpg alt='alternative text'>Step</a> Element [[ChromeDriver: chrome on WINDOWS (93eb72c2f9dd0f6a6352e678c7721815)] -> xpath: //button[@class='btn btn-submit']]is displayed on screen Clicking on element Poc_QA SubmitCreatePage D:\buildpiper\BP-3.1MajorRelease\Reports\18Oct_182856\BPVersioning_chrome\BPVersioning_chrome_291_Oct_182921.jpg <a href=D:\buildpiper\BP-3.1MajorRelease\Reports\18Oct_182856\BPVersioning_chrome\BPVersioning_chrome_291_Oct_182921.jpg alt='alternative text'>Step</a> Element [[ChromeDriver: chrome on WINDOWS (93eb72c2f9dd0f6a6352e678c7721815)] -> xpath: //h1[@class='h1' and contains(.,'Create a Environment')]]is displayed on screen Element is present [[ChromeDriver: chrome on WINDOWS (93eb72c2f9dd0f6a6352e678c7721815)] -> xpath: //h1[@class='h1' and contains(.,'Create a Environment')]] D:\buildpiper\BP-3.1MajorRelease\Reports\18Oct_182856\BPVersioning_chrome\BPVersioning_chrome_291_Oct_182921.jpg <a href=D:\buildpiper\BP-3.1MajorRelease\Reports\18Oct_182856\BPVersioning_chrome\BPVersioning_chrome_291_Oct_182921.jpg alt='alternative text'>Step</a> Element [[ChromeDriver: chrome on WINDOWS (93eb72c2f9dd0f6a6352e678c7721815)] -> xpath: //div[@class='staticwrap-inner']]is displayed on screen Element is present [[ChromeDriver: chrome on WINDOWS (93eb72c2f9dd0f6a6352e678c7721815)] -> xpath: //div[@class='staticwrap-inner']] D:\buildpiper\BP-3.1MajorRelease\Reports\18Oct_182856\BPVersioning_chrome\BPVersioning_chrome_291_Oct_182922.jpg <a href=D:\buildpiper\BP-3.1MajorRelease\Reports\18Oct_182856\BPVersioning_chrome\BPVersioning_chrome_291_Oct_182922.jpg alt='alternative text'>Step</a> Element [[ChromeDriver: chrome on WINDOWS (93eb72c2f9dd0f6a6352e678c7721815)] -> xpath: //select[@name='env_id']]is displayed on screen Element is present [[ChromeDriver: chrome on WINDOWS (93eb72c2f9dd0f6a6352e678c7721815)] -> xpath: //select[@name='env_id']] D:\buildpiper\BP-3.1MajorRelease\Reports\18Oct_182856\BPVersioning_chrome\BPVersioning_chrome_291_Oct_182923.jpg <a href=D:\buildpiper\BP-3.1MajorRelease\Reports\18Oct_182856\BPVersioning_chrome\BPVersioning_chrome_291_Oct_182923.jpg alt='alternative text'>Step</a> Element [[ChromeDriver: chrome on WINDOWS (93eb72c2f9dd0f6a6352e678c7721815)] -> xpath: //button[@class='btn btn-submit']]is displayed on screen Element is present [[ChromeDriver: chrome on WINDOWS (93eb72c2f9dd0f6a6352e678c7721815)] -> xpath: //button[@class='btn btn-submit']] D:\buildpiper\BP-3.1MajorRelease\Reports\18Oct_182856\BPVersioning_chrome\BPVersioning_chrome_291_Oct_182923.jpg <a href=D:\buildpiper\BP-3.1MajorRelease\Reports\18Oct_182856\BPVersioning_chrome\BPVersioning_chrome_291_Oct_182923.jpg alt='alternative text'>Step</a> Element [[ChromeDriver: chrome on WINDOWS (93eb72c2f9dd0f6a6352e678c7721815)] -> xpath: //button[@class='btn btn-submit']]is displayed on screen Clicking on element Poc_QA SubmitEnvPage D:\buildpiper\BP-3.1MajorRelease\Reports\18Oct_182856\BPVersioning_chrome\BPVersioning_chrome_291_Oct_182924.jpg <a href=D:\buildpiper\BP-3.1MajorRelease\Reports\18Oct_182856\BPVersioning_chrome\BPVersioning_chrome_291_Oct_182924.jpg alt='alternative text'>Step</a> Element [[ChromeDriver: chrome on WINDOWS (93eb72c2f9dd0f6a6352e678c7721815)] -> xpath: //div[@class='font-27 font-family-nunito font-weight-300 lh-12 mr-5']]is displayed on screen Element is present [[ChromeDriver: chrome on WINDOWS (93eb72c2f9dd0f6a6352e678c7721815)] -> xpath: //div[@class='font-27 font-family-nunito font-weight-300 lh-12 mr-5']] D:\buildpiper\BP-3.1MajorRelease\Reports\18Oct_182856\BPVersioning_chrome\BPVersioning_chrome_291_Oct_182926.jpg <a href=D:\buildpiper\BP-3.1MajorRelease\Reports\18Oct_182856\BPVersioning_chrome\BPVersioning_chrome_291_Oct_182926.jpg alt='alternative text'>Step</a> Element [[ChromeDriver: chrome on WINDOWS (93eb72c2f9dd0f6a6352e678c7721815)] -> xpath: //span[contains(text(),'Project:')]]is displayed on screen Element is present [[ChromeDriver: chrome on WINDOWS (93eb72c2f9dd0f6a6352e678c7721815)] -> xpath: //span[contains(text(),'Project:')]] D:\buildpiper\BP-3.1MajorRelease\Reports\18Oct_182856\BPVersioning_chrome\BPVersioning_chrome_291_Oct_182926.jpg <a href=D:\buildpiper\BP-3.1MajorRelease\Reports\18Oct_182856\BPVersioning_chrome\BPVersioning_chrome_291_Oct_182926.jpg alt='alternative text'>Step</a> Element [[ChromeDriver: chrome on WINDOWS (93eb72c2f9dd0f6a6352e678c7721815)] -> xpath: //*[text()='Env Build Details']]is displayed on screen Element is present [[ChromeDriver: chrome on WINDOWS (93eb72c2f9dd0f6a6352e678c7721815)] -> xpath: //*[text()='Env Build Details']] D:\buildpiper\BP-3.1MajorRelease\Reports\18Oct_182856\BPVersioning_chrome\BPVersioning_chrome_291_Oct_182926.jpg <a href=D:\buildpiper\BP-3.1MajorRelease\Reports\18Oct_182856\BPVersioning_chrome\BPVersioning_chrome_291_Oct_182926.jpg alt='alternative text'>Step</a> Element [[ChromeDriver: chrome on WINDOWS (93eb72c2f9dd0f6a6352e678c7721815)] -> xpath: //*[text()='Env Build Details']]is displayed on screen Clicking on element Poc_QA validateBuildDetails D:\buildpiper\BP-3.1MajorRelease\Reports\18Oct_182856\BPVersioning_chrome\BPVersioning_chrome_291_Oct_182927.jpg <a href=D:\buildpiper\BP-3.1MajorRelease\Reports\18Oct_182856\BPVersioning_chrome\BPVersioning_chrome_291_Oct_182927.jpg alt='alternative text'>Step</a> Element [[ChromeDriver: chrome on WINDOWS (93eb72c2f9dd0f6a6352e678c7721815)] -> xpath: //p[@class='main-text mb-10']]is displayed on screen Element is present [[ChromeDriver: chrome on WINDOWS (93eb72c2f9dd0f6a6352e678c7721815)] -> xpath: //p[@class='main-text mb-10']] D:\buildpiper\BP-3.1MajorRelease\Reports\18Oct_182856\BPVersioning_chrome\BPVersioning_chrome_291_Oct_182927.jpg <a href=D:\buildpiper\BP-3.1MajorRelease\Reports\18Oct_182856\BPVersioning_chrome\BPVersioning_chrome_291_Oct_182927.jpg alt='alternative text'>Step</a> Element [[ChromeDriver: chrome on WINDOWS (93eb72c2f9dd0f6a6352e678c7721815)] -> xpath: //span[@class='sub-text mb-10']]is displayed on screen Element is present [[ChromeDriver: chrome on WINDOWS (93eb72c2f9dd0f6a6352e678c7721815)] -> xpath: //span[@class='sub-text mb-10']] D:\buildpiper\BP-3.1MajorRelease\Reports\18Oct_182856\BPVersioning_chrome\BPVersioning_chrome_291_Oct_182927.jpg <a href=D:\buildpiper\BP-3.1MajorRelease\Reports\18Oct_182856\BPVersioning_chrome\BPVersioning_chrome_291_Oct_182927.jpg alt='alternative text'>Step</a> Element [[ChromeDriver: chrome on WINDOWS (93eb72c2f9dd0f6a6352e678c7721815)] -> xpath: //*[text()='Env Deploy Details']]is displayed on screen Element is present [[ChromeDriver: chrome on WINDOWS (93eb72c2f9dd0f6a6352e678c7721815)] -> xpath: //*[text()='Env Deploy Details']] D:\buildpiper\BP-3.1MajorRelease\Reports\18Oct_182856\BPVersioning_chrome\BPVersioning_chrome_291_Oct_182927.jpg <a href=D:\buildpiper\BP-3.1MajorRelease\Reports\18Oct_182856\BPVersioning_chrome\BPVersioning_chrome_291_Oct_182927.jpg alt='alternative text'>Step</a> Element [[ChromeDriver: chrome on WINDOWS (93eb72c2f9dd0f6a6352e678c7721815)] -> xpath: //*[text()='Env Deploy Details']]is displayed on screen Clicking on element Poc_QA validateDeployDetails D:\buildpiper\BP-3.1MajorRelease\Reports\18Oct_182856\BPVersioning_chrome\BPVersioning_chrome_291_Oct_182927.jpg <a href=D:\buildpiper\BP-3.1MajorRelease\Reports\18Oct_182856\BPVersioning_chrome\BPVersioning_chrome_291_Oct_182927.jpg alt='alternative text'>Step</a> Element [[ChromeDriver: chrome on WINDOWS (93eb72c2f9dd0f6a6352e678c7721815)] -> xpath: //p[@class='main-text mb-10']]is displayed on screen Element is present [[ChromeDriver: chrome on WINDOWS (93eb72c2f9dd0f6a6352e678c7721815)] -> xpath: //p[@class='main-text mb-10']] D:\buildpiper\BP-3.1MajorRelease\Reports\18Oct_182856\BPVersioning_chrome\BPVersioning_chrome_291_Oct_182928.jpg <a href=D:\buildpiper\BP-3.1MajorRelease\Reports\18Oct_182856\BPVersioning_chrome\BPVersioning_chrome_291_Oct_182928.jpg alt='alternative text'>Step</a> Element [[ChromeDriver: chrome on WINDOWS (93eb72c2f9dd0f6a6352e678c7721815)] -> xpath: //span[@class='sub-text mb-10']]is displayed on screen Element is present [[ChromeDriver: chrome on WINDOWS (93eb72c2f9dd0f6a6352e678c7721815)] -> xpath: //span[@class='sub-text mb-10']] D:\buildpiper\BP-3.1MajorRelease\Reports\18Oct_182856\BPVersioning_chrome\BPVersioning_chrome_291_Oct_182928.jpg <a href=D:\buildpiper\BP-3.1MajorRelease\Reports\18Oct_182856\BPVersioning_chrome\BPVersioning_chrome_291_Oct_182928.jpg alt='alternative text'>Step</a> Element [[ChromeDriver: chrome on WINDOWS (93eb72c2f9dd0f6a6352e678c7721815)] -> xpath: //*[text()='To have a very smooth configuration we strongly recommend BuildPiper UI.']]is displayed on screen Element is present [[ChromeDriver: chrome on WINDOWS (93eb72c2f9dd0f6a6352e678c7721815)] -> xpath: //*[text()='To have a very smooth configuration we strongly recommend BuildPiper UI.']] D:\buildpiper\BP-3.1MajorRelease\Reports\18Oct_182856\BPVersioning_chrome\BPVersioning_chrome_291_Oct_182928.jpg <a href=D:\buildpiper\BP-3.1MajorRelease\Reports\18Oct_182856\BPVersioning_chrome\BPVersioning_chrome_291_Oct_182928.jpg alt='alternative text'>Step</a> Element [[ChromeDriver: chrome on WINDOWS (93eb72c2f9dd0f6a6352e678c7721815)] -> xpath: //*[text()='you can also configure the CD by uploading your custom manifest file.']]is displayed on screen Element is present [[ChromeDriver: chrome on WINDOWS (93eb72c2f9dd0f6a6352e678c7721815)] -> xpath: //*[text()='you can also configure the CD by uploading your custom manifest file.']] D:\buildpiper\BP-3.1MajorRelease\Reports\18Oct_182856\BPVersioning_chrome\BPVersioning_chrome_291_Oct_182928.jpg <a href=D:\buildpiper\BP-3.1MajorRelease\Reports\18Oct_182856\BPVersioning_chrome\BPVersioning_chrome_291_Oct_182928.jpg alt='alternative text'>Step</a> checking if driver exist D:\buildpiper\BP-3.1MajorRelease\Reports\18Oct_182856\BPVersioning_chrome\BPVersioning_chrome_291_Oct_182929.jpg <a href=D:\buildpiper\BP-3.1MajorRelease\Reports\18Oct_182856\BPVersioning_chrome\BPVersioning_chrome_291_Oct_182929.jpg alt='alternative text'>Step</a> Getting driver  D:\buildpiper\BP-3.1MajorRelease\Reports\18Oct_182856\BPVersioning_chrome\BPVersioning_chrome_291_Oct_182929.jpg <a href=D:\buildpiper\BP-3.1MajorRelease\Reports\18Oct_182856\BPVersioning_chrome\BPVersioning_chrome_291_Oct_182929.jpg alt='alternative text'>Step</a> Getting driver  D:\buildpiper\BP-3.1MajorRelease\Reports\18Oct_182856\BPVersioning_chrome\BPVersioning_chrome_291_Oct_182929.jpg <a href=D:\buildpiper\BP-3.1MajorRelease\Reports\18Oct_182856\BPVersioning_chrome\BPVersioning_chrome_291_Oct_182929.jpg alt='alternative text'>Step</a> Element [[ChromeDriver: chrome on WINDOWS (93eb72c2f9dd0f6a6352e678c7721815)] -> xpath: //*[text()='Env Build Details']]is displayed on screen Element is present [[ChromeDriver: chrome on WINDOWS (93eb72c2f9dd0f6a6352e678c7721815)] -> xpath: //*[text()='Env Build Details']] D:\buildpiper\BP-3.1MajorRelease\Reports\18Oct_182856\BPVersioning_chrome\BPVersioning_chrome_291_Oct_182929.jpg <a href=D:\buildpiper\BP-3.1MajorRelease\Reports\18Oct_182856\BPVersioning_chrome\BPVersioning_chrome_291_Oct_182929.jpg alt='alternative text'>Step</a> Element [[ChromeDriver: chrome on WINDOWS (93eb72c2f9dd0f6a6352e678c7721815)] -> xpath: //*[text()='Env Build Details']]is displayed on screen Clicking on element Poc_QA validateBuildDetails D:\buildpiper\BP-3.1MajorRelease\Reports\18Oct_182856\BPVersioning_chrome\BPVersioning_chrome_291_Oct_182929.jpg <a href=D:\buildpiper\BP-3.1MajorRelease\Reports\18Oct_182856\BPVersioning_chrome\BPVersioning_chrome_291_Oct_182929.jpg alt='alternative text'>Step</a> Element [[ChromeDriver: chrome on WINDOWS (93eb72c2f9dd0f6a6352e678c7721815)] -> xpath: //*[text()='Configure Build']]is displayed on screen Element is present [[ChromeDriver: chrome on WINDOWS (93eb72c2f9dd0f6a6352e678c7721815)] -> xpath: //*[text()='Configure Build']] D:\buildpiper\BP-3.1MajorRelease\Reports\18Oct_182856\BPVersioning_chrome\BPVersioning_chrome_291_Oct_182930.jpg <a href=D:\buildpiper\BP-3.1MajorRelease\Reports\18Oct_182856\BPVersioning_chrome\BPVersioning_chrome_291_Oct_182930.jpg alt='alternative text'>Step</a> Element [[ChromeDriver: chrome on WINDOWS (93eb72c2f9dd0f6a6352e678c7721815)] -> xpath: //*[text()='Configure Build']]is displayed on screen Clicking on element Poc_QA clickConfigBuild D:\buildpiper\BP-3.1MajorRelease\Reports\18Oct_182856\BPVersioning_chrome\BPVersioning_chrome_291_Oct_182930.jpg <a href=D:\buildpiper\BP-3.1MajorRelease\Reports\18Oct_182856\BPVersioning_chrome\BPVersioning_chrome_291_Oct_182930.jpg alt='alternative text'>Step</a> Element [[ChromeDriver: chrome on WINDOWS (93eb72c2f9dd0f6a6352e678c7721815)] -> xpath: //div[@class='md-step-circle current']]is displayed on screen Element is present [[ChromeDriver: chrome on WINDOWS (93eb72c2f9dd0f6a6352e678c7721815)] -> xpath: //div[@class='md-step-circle current']] D:\buildpiper\BP-3.1MajorRelease\Reports\18Oct_182856\BPVersioning_chrome\BPVersioning_chrome_291_Oct_182933.jpg <a href=D:\buildpiper\BP-3.1MajorRelease\Reports\18Oct_182856\BPVersioning_chrome\BPVersioning_chrome_291_Oct_182933.jpg alt='alternative text'>Step</a> Element [[ChromeDriver: chrome on WINDOWS (93eb72c2f9dd0f6a6352e678c7721815)] -> xpath: //h4[@class='mainHeading']]is displayed on screen Element is present [[ChromeDriver: chrome on WINDOWS (93eb72c2f9dd0f6a6352e678c7721815)] -> xpath: //h4[@class='mainHeading']] D:\buildpiper\BP-3.1MajorRelease\Reports\18Oct_182856\BPVersioning_chrome\BPVersioning_chrome_291_Oct_182933.jpg <a href=D:\buildpiper\BP-3.1MajorRelease\Reports\18Oct_182856\BPVersioning_chrome\BPVersioning_chrome_291_Oct_182933.jpg alt='alternative text'>Step</a> Element [[ChromeDriver: chrome on WINDOWS (93eb72c2f9dd0f6a6352e678c7721815)] -> xpath: //*[text()='Please Select the Git URL']]is displayed on screen Element is present [[ChromeDriver: chrome on WINDOWS (93eb72c2f9dd0f6a6352e678c7721815)] -> xpath: //*[text()='Please Select the Git URL']] D:\buildpiper\BP-3.1MajorRelease\Reports\18Oct_182856\BPVersioning_chrome\BPVersioning_chrome_291_Oct_182933.jpg <a href=D:\buildpiper\BP-3.1MajorRelease\Reports\18Oct_182856\BPVersioning_chrome\BPVersioning_chrome_291_Oct_182933.jpg alt='alternative text'>Step</a> Element [[ChromeDriver: chrome on WINDOWS (93eb72c2f9dd0f6a6352e678c7721815)] -> xpath: //div[@class='MuiInputBase-root MuiOutlinedInput-root MuiAutocomplete-inputRoot MuiInputBase-fullWidth MuiInputBase-formControl MuiInputBase-adornedEnd MuiOutlinedInput-adornedEnd']]is displayed on screen Element is present [[ChromeDriver: chrome on WINDOWS (93eb72c2f9dd0f6a6352e678c7721815)] -> xpath: //div[@class='MuiInputBase-root MuiOutlinedInput-root MuiAutocomplete-inputRoot MuiInputBase-fullWidth MuiInputBase-formControl MuiInputBase-adornedEnd MuiOutlinedInput-adornedEnd']] D:\buildpiper\BP-3.1MajorRelease\Reports\18Oct_182856\BPVersioning_chrome\BPVersioning_chrome_291_Oct_182934.jpg <a href=D:\buildpiper\BP-3.1MajorRelease\Reports\18Oct_182856\BPVersioning_chrome\BPVersioning_chrome_291_Oct_182934.jpg alt='alternative text'>Step</a> Element [[ChromeDriver: chrome on WINDOWS (93eb72c2f9dd0f6a6352e678c7721815)] -> xpath: //input[@name='git_url']]is displayed on screen Clicking on element Poc_QA gitUrlInputField D:\buildpiper\BP-3.1MajorRelease\Reports\18Oct_182856\BPVersioning_chrome\BPVersioning_chrome_291_Oct_182934.jpg <a href=D:\buildpiper\BP-3.1MajorRelease\Reports\18Oct_182856\BPVersioning_chrome\BPVersioning_chrome_291_Oct_182934.jpg alt='alternative text'>Step</a> Exception while scroll to view of element:  Exception while waiting for page load Exception while scroll to view of element:  Result upload to testlink is disabled, Please ensure you have 'UpdateTestLink=Yes' in project.properties  ####### End of Test Case: BPVersioning #######  </system-out>
</testsuite> <!-- com.buildpiper.testcases.MajorRelease3_1 -->
