<?xml version="1.0" encoding="UTF-8"?>
<!-- Generated by org.testng.reporters.JUnitXMLReporter -->
<testsuite ignored="43" hostname="DESKTOP-PTF1H2O" failures="3" tests="7" name="RegressionSuite" time="1969.69" errors="0" timestamp="2024-02-07T18:51:59 IST">
  <testcase classname="com.buildpiper.testcases.BuildPiperTestcasesExecution" name="@BeforeMethod StartDriver" time="2.133">
    <failure type="org.openqa.selenium.NoSuchWindowException" message="no such window: target window already closed
from unknown error: web view not found
  (Session info: chrome=121.0.6167.140)
Build info: version: &amp;apos;3.141.59&amp;apos;, revision: &amp;apos;e82be7d358&amp;apos;, time: &amp;apos;2018-11-14T08:17:03&amp;apos;
System info: host: &amp;apos;DESKTOP-PTF1H2O&amp;apos;, ip: &amp;apos;192.168.1.8&amp;apos;, os.name: &amp;apos;Windows 10&amp;apos;, os.arch: &amp;apos;amd64&amp;apos;, os.version: &amp;apos;10.0&amp;apos;, java.version: &amp;apos;19.0.1&amp;apos;
Driver info: org.openqa.selenium.chrome.ChromeDriver
Capabilities {acceptInsecureCerts: false, browserName: chrome, browserVersion: 121.0.6167.140, chrome: {chromedriverVersion: 121.0.6167.85 (3f98d690ad7e..., userDataDir: C:\Users\Rahul\AppData\Loca...}, fedcm:accounts: true, goog:chromeOptions: {debuggerAddress: localhost:49673}, javascriptEnabled: true, networkConnectionEnabled: false, pageLoadStrategy: normal, platform: WINDOWS, platformName: WINDOWS, proxy: Proxy(), setWindowRect: true, strictFileInteractability: false, timeouts: {implicit: 0, pageLoad: 300000, script: 30000}, unhandledPromptBehavior: dismiss and notify, webauthn:extension:credBlob: true, webauthn:extension:largeBlob: true, webauthn:extension:minPinLength: true, webauthn:extension:prf: true, webauthn:virtualAuthenticators: true}
Session ID: 844da238f5d4cb61056e2d79fd2abdd8">
      <![CDATA[org.openqa.selenium.NoSuchWindowException: no such window: target window already closed
from unknown error: web view not found
  (Session info: chrome=121.0.6167.140)
Build info: version: '3.141.59', revision: 'e82be7d358', time: '2018-11-14T08:17:03'
System info: host: 'DESKTOP-PTF1H2O', ip: '192.168.1.8', os.name: 'Windows 10', os.arch: 'amd64', os.version: '10.0', java.version: '19.0.1'
Driver info: org.openqa.selenium.chrome.ChromeDriver
Capabilities {acceptInsecureCerts: false, browserName: chrome, browserVersion: 121.0.6167.140, chrome: {chromedriverVersion: 121.0.6167.85 (3f98d690ad7e..., userDataDir: C:\Users\Rahul\AppData\Loca...}, fedcm:accounts: true, goog:chromeOptions: {debuggerAddress: localhost:49673}, javascriptEnabled: true, networkConnectionEnabled: false, pageLoadStrategy: normal, platform: WINDOWS, platformName: WINDOWS, proxy: Proxy(), setWindowRect: true, strictFileInteractability: false, timeouts: {implicit: 0, pageLoad: 300000, script: 30000}, unhandledPromptBehavior: dismiss and notify, webauthn:extension:credBlob: true, webauthn:extension:largeBlob: true, webauthn:extension:minPinLength: true, webauthn:extension:prf: true, webauthn:virtualAuthenticators: true}
Session ID: 844da238f5d4cb61056e2d79fd2abdd8
at org.openqa.selenium.remote.http.W3CHttpResponseCodec.createException(W3CHttpResponseCodec.java:187)
at org.openqa.selenium.remote.http.W3CHttpResponseCodec.decode(W3CHttpResponseCodec.java:122)
at org.openqa.selenium.remote.http.W3CHttpResponseCodec.decode(W3CHttpResponseCodec.java:49)
at org.openqa.selenium.remote.HttpCommandExecutor.execute(HttpCommandExecutor.java:158)
at org.openqa.selenium.remote.service.DriverCommandExecutor.execute(DriverCommandExecutor.java:83)
at org.openqa.selenium.remote.RemoteWebDriver.execute(RemoteWebDriver.java:552)
at org.openqa.selenium.remote.RemoteWebDriver.execute(RemoteWebDriver.java:609)
at org.openqa.selenium.remote.RemoteWebDriver$RemoteNavigation.refresh(RemoteWebDriver.java:865)
at com.buildpiper.pages.LoginPage.<init>(LoginPage.java:57)
at com.buildpiper.testcases.BuildPiperTestcasesExecution.StartDriver(BuildPiperTestcasesExecution.java:42)
at java.base/java.util.ArrayList.forEach(ArrayList.java:1511)
... Removed 32 stack frames]]>
    </failure>
  </testcase> <!-- @BeforeMethod StartDriver -->
  <testcase classname="com.buildpiper.testcases.BuildPiperTestcasesExecution" name="@AfterMethod StopDriver" time="-1.707312119634E9">
    <skipped/>
  </testcase> <!-- @AfterMethod StopDriver -->
  <testcase classname="com.buildpiper.testcases.ServiceCreationTestcases" name="createHPAService" time="227.879"/>
  <testcase classname="com.buildpiper.testcases.ServiceCreationTestcases" name="createServ" time="328.098"/>
  <testcase classname="com.buildpiper.testcases.ServiceCreationTestcases" name="createHelmService" time="666.364"/>
  <testcase classname="com.buildpiper.testcases.EnvironmentTestcasesExecution" name="CreateEnvironmentwithBPConfigMap" time="289.373">
    <failure type="org.openqa.selenium.NoSuchElementException" message="no such element: Unable to locate element: {&amp;quot;method&amp;quot;:&amp;quot;xpath&amp;quot;,&amp;quot;selector&amp;quot;:&amp;quot;//button[text()=&amp;apos;Okay&amp;apos;]&amp;quot;}
  (Session info: chrome=121.0.6167.140)
For documentation on this error, please visit: https://www.seleniumhq.org/exceptions/no_such_element.html
Build info: version: &amp;apos;3.141.59&amp;apos;, revision: &amp;apos;e82be7d358&amp;apos;, time: &amp;apos;2018-11-14T08:17:03&amp;apos;
System info: host: &amp;apos;DESKTOP-PTF1H2O&amp;apos;, ip: &amp;apos;192.168.1.8&amp;apos;, os.name: &amp;apos;Windows 10&amp;apos;, os.arch: &amp;apos;amd64&amp;apos;, os.version: &amp;apos;10.0&amp;apos;, java.version: &amp;apos;19.0.1&amp;apos;
Driver info: org.openqa.selenium.chrome.ChromeDriver
Capabilities {acceptInsecureCerts: false, browserName: chrome, browserVersion: 121.0.6167.140, chrome: {chromedriverVersion: 121.0.6167.85 (3f98d690ad7e..., userDataDir: C:\Users\Rahul\AppData\Loca...}, fedcm:accounts: true, goog:chromeOptions: {debuggerAddress: localhost:49472}, javascriptEnabled: true, networkConnectionEnabled: false, pageLoadStrategy: normal, platform: WINDOWS, platformName: WINDOWS, proxy: Proxy(), setWindowRect: true, strictFileInteractability: false, timeouts: {implicit: 0, pageLoad: 300000, script: 30000}, unhandledPromptBehavior: dismiss and notify, webauthn:extension:credBlob: true, webauthn:extension:largeBlob: true, webauthn:extension:minPinLength: true, webauthn:extension:prf: true, webauthn:virtualAuthenticators: true}
Session ID: ec7b0f003b85038ed12aae6e380678e2
*** Element info: {Using=xpath, value=//button[text()=&amp;apos;Okay&amp;apos;]}">
      <![CDATA[org.openqa.selenium.NoSuchElementException: no such element: Unable to locate element: {"method":"xpath","selector":"//button[text()='Okay']"}
  (Session info: chrome=121.0.6167.140)
For documentation on this error, please visit: https://www.seleniumhq.org/exceptions/no_such_element.html
Build info: version: '3.141.59', revision: 'e82be7d358', time: '2018-11-14T08:17:03'
System info: host: 'DESKTOP-PTF1H2O', ip: '192.168.1.8', os.name: 'Windows 10', os.arch: 'amd64', os.version: '10.0', java.version: '19.0.1'
Driver info: org.openqa.selenium.chrome.ChromeDriver
Capabilities {acceptInsecureCerts: false, browserName: chrome, browserVersion: 121.0.6167.140, chrome: {chromedriverVersion: 121.0.6167.85 (3f98d690ad7e..., userDataDir: C:\Users\Rahul\AppData\Loca...}, fedcm:accounts: true, goog:chromeOptions: {debuggerAddress: localhost:49472}, javascriptEnabled: true, networkConnectionEnabled: false, pageLoadStrategy: normal, platform: WINDOWS, platformName: WINDOWS, proxy: Proxy(), setWindowRect: true, strictFileInteractability: false, timeouts: {implicit: 0, pageLoad: 300000, script: 30000}, unhandledPromptBehavior: dismiss and notify, webauthn:extension:credBlob: true, webauthn:extension:largeBlob: true, webauthn:extension:minPinLength: true, webauthn:extension:prf: true, webauthn:virtualAuthenticators: true}
Session ID: ec7b0f003b85038ed12aae6e380678e2
*** Element info: {Using=xpath, value=//button[text()='Okay']}
at org.openqa.selenium.remote.http.W3CHttpResponseCodec.createException(W3CHttpResponseCodec.java:187)
at org.openqa.selenium.remote.http.W3CHttpResponseCodec.decode(W3CHttpResponseCodec.java:122)
at org.openqa.selenium.remote.http.W3CHttpResponseCodec.decode(W3CHttpResponseCodec.java:49)
at org.openqa.selenium.remote.HttpCommandExecutor.execute(HttpCommandExecutor.java:158)
at org.openqa.selenium.remote.service.DriverCommandExecutor.execute(DriverCommandExecutor.java:83)
at org.openqa.selenium.remote.RemoteWebDriver.execute(RemoteWebDriver.java:552)
at org.openqa.selenium.remote.RemoteWebDriver.findElement(RemoteWebDriver.java:323)
at org.openqa.selenium.remote.RemoteWebDriver.findElementByXPath(RemoteWebDriver.java:428)
at org.openqa.selenium.By$ByXPath.findElement(By.java:353)
at org.openqa.selenium.remote.RemoteWebDriver.findElement(RemoteWebDriver.java:315)
at org.openqa.selenium.support.pagefactory.DefaultElementLocator.findElement(DefaultElementLocator.java:69)
at org.openqa.selenium.support.pagefactory.internal.LocatingElementHandler.invoke(LocatingElementHandler.java:38)
at jdk.proxy2/jdk.proxy2.$Proxy26.isDisplayed(Unknown Source)
at com.buildpiper.capabilities.UICapability.ui_IsElementDisplay(UICapability.java:193)
at com.buildpiper.capabilities.UICapability.ui_click(UICapability.java:68)
at com.buildpiper.base.Capability.ui_click(Capability.java:69)
at com.buildpiper.pages.EnvironmentCreationPage.CreateEnvironmentandBPManagedConfigMap(EnvironmentCreationPage.java:1382)
at com.buildpiper.testcases.EnvironmentTestcasesExecution.CreateEnvironmentwithBPConfigMap(EnvironmentTestcasesExecution.java:203)
at java.base/java.util.ArrayList.forEach(ArrayList.java:1511)
... Removed 28 stack frames]]>
    </failure>
  </testcase> <!-- CreateEnvironmentwithBPConfigMap -->
  <testcase classname="com.buildpiper.testcases.EnvironmentTestcasesExecution" name="CreateEnvironmentwithSecret" time="288.965">
    <failure type="org.openqa.selenium.NoSuchElementException" message="no such element: Unable to locate element: {&amp;quot;method&amp;quot;:&amp;quot;xpath&amp;quot;,&amp;quot;selector&amp;quot;:&amp;quot;//button[text()=&amp;apos;Okay&amp;apos;]&amp;quot;}
  (Session info: chrome=121.0.6167.140)
For documentation on this error, please visit: https://www.seleniumhq.org/exceptions/no_such_element.html
Build info: version: &amp;apos;3.141.59&amp;apos;, revision: &amp;apos;e82be7d358&amp;apos;, time: &amp;apos;2018-11-14T08:17:03&amp;apos;
System info: host: &amp;apos;DESKTOP-PTF1H2O&amp;apos;, ip: &amp;apos;192.168.1.8&amp;apos;, os.name: &amp;apos;Windows 10&amp;apos;, os.arch: &amp;apos;amd64&amp;apos;, os.version: &amp;apos;10.0&amp;apos;, java.version: &amp;apos;19.0.1&amp;apos;
Driver info: org.openqa.selenium.chrome.ChromeDriver
Capabilities {acceptInsecureCerts: false, browserName: chrome, browserVersion: 121.0.6167.140, chrome: {chromedriverVersion: 121.0.6167.85 (3f98d690ad7e..., userDataDir: C:\Users\Rahul\AppData\Loca...}, fedcm:accounts: true, goog:chromeOptions: {debuggerAddress: localhost:49555}, javascriptEnabled: true, networkConnectionEnabled: false, pageLoadStrategy: normal, platform: WINDOWS, platformName: WINDOWS, proxy: Proxy(), setWindowRect: true, strictFileInteractability: false, timeouts: {implicit: 0, pageLoad: 300000, script: 30000}, unhandledPromptBehavior: dismiss and notify, webauthn:extension:credBlob: true, webauthn:extension:largeBlob: true, webauthn:extension:minPinLength: true, webauthn:extension:prf: true, webauthn:virtualAuthenticators: true}
Session ID: 8d8ad574a8a9db4a392dd4d0d78945f9
*** Element info: {Using=xpath, value=//button[text()=&amp;apos;Okay&amp;apos;]}">
      <![CDATA[org.openqa.selenium.NoSuchElementException: no such element: Unable to locate element: {"method":"xpath","selector":"//button[text()='Okay']"}
  (Session info: chrome=121.0.6167.140)
For documentation on this error, please visit: https://www.seleniumhq.org/exceptions/no_such_element.html
Build info: version: '3.141.59', revision: 'e82be7d358', time: '2018-11-14T08:17:03'
System info: host: 'DESKTOP-PTF1H2O', ip: '192.168.1.8', os.name: 'Windows 10', os.arch: 'amd64', os.version: '10.0', java.version: '19.0.1'
Driver info: org.openqa.selenium.chrome.ChromeDriver
Capabilities {acceptInsecureCerts: false, browserName: chrome, browserVersion: 121.0.6167.140, chrome: {chromedriverVersion: 121.0.6167.85 (3f98d690ad7e..., userDataDir: C:\Users\Rahul\AppData\Loca...}, fedcm:accounts: true, goog:chromeOptions: {debuggerAddress: localhost:49555}, javascriptEnabled: true, networkConnectionEnabled: false, pageLoadStrategy: normal, platform: WINDOWS, platformName: WINDOWS, proxy: Proxy(), setWindowRect: true, strictFileInteractability: false, timeouts: {implicit: 0, pageLoad: 300000, script: 30000}, unhandledPromptBehavior: dismiss and notify, webauthn:extension:credBlob: true, webauthn:extension:largeBlob: true, webauthn:extension:minPinLength: true, webauthn:extension:prf: true, webauthn:virtualAuthenticators: true}
Session ID: 8d8ad574a8a9db4a392dd4d0d78945f9
*** Element info: {Using=xpath, value=//button[text()='Okay']}
at org.openqa.selenium.remote.http.W3CHttpResponseCodec.createException(W3CHttpResponseCodec.java:187)
at org.openqa.selenium.remote.http.W3CHttpResponseCodec.decode(W3CHttpResponseCodec.java:122)
at org.openqa.selenium.remote.http.W3CHttpResponseCodec.decode(W3CHttpResponseCodec.java:49)
at org.openqa.selenium.remote.HttpCommandExecutor.execute(HttpCommandExecutor.java:158)
at org.openqa.selenium.remote.service.DriverCommandExecutor.execute(DriverCommandExecutor.java:83)
at org.openqa.selenium.remote.RemoteWebDriver.execute(RemoteWebDriver.java:552)
at org.openqa.selenium.remote.RemoteWebDriver.findElement(RemoteWebDriver.java:323)
at org.openqa.selenium.remote.RemoteWebDriver.findElementByXPath(RemoteWebDriver.java:428)
at org.openqa.selenium.By$ByXPath.findElement(By.java:353)
at org.openqa.selenium.remote.RemoteWebDriver.findElement(RemoteWebDriver.java:315)
at org.openqa.selenium.support.pagefactory.DefaultElementLocator.findElement(DefaultElementLocator.java:69)
at org.openqa.selenium.support.pagefactory.internal.LocatingElementHandler.invoke(LocatingElementHandler.java:38)
at jdk.proxy2/jdk.proxy2.$Proxy26.isDisplayed(Unknown Source)
at com.buildpiper.capabilities.UICapability.ui_IsElementDisplay(UICapability.java:193)
at com.buildpiper.capabilities.UICapability.ui_click(UICapability.java:68)
at com.buildpiper.base.Capability.ui_click(Capability.java:69)
at com.buildpiper.pages.EnvironmentCreationPage.CreateEnvironmentwithSecret(EnvironmentCreationPage.java:1487)
at com.buildpiper.testcases.EnvironmentTestcasesExecution.CreateEnvironmentwithSecret(EnvironmentTestcasesExecution.java:226)
at java.base/java.util.ArrayList.forEach(ArrayList.java:1511)
... Removed 28 stack frames]]>
    </failure>
  </testcase> <!-- CreateEnvironmentwithSecret -->
  <testcase classname="com.buildpiper.testcases.EnvironmentTestcasesExecution" name="CreateEnvironmentwithSecret_KeyValuePair" time="85.845">
    <failure type="org.openqa.selenium.WebDriverException" message="disconnected: not connected to DevTools
  (failed to check if window was closed: disconnected: not connected to DevTools)
  (Session info: chrome=121.0.6167.140)
Build info: version: &amp;apos;3.141.59&amp;apos;, revision: &amp;apos;e82be7d358&amp;apos;, time: &amp;apos;2018-11-14T08:17:03&amp;apos;
System info: host: &amp;apos;DESKTOP-PTF1H2O&amp;apos;, ip: &amp;apos;192.168.1.8&amp;apos;, os.name: &amp;apos;Windows 10&amp;apos;, os.arch: &amp;apos;amd64&amp;apos;, os.version: &amp;apos;10.0&amp;apos;, java.version: &amp;apos;19.0.1&amp;apos;
Driver info: org.openqa.selenium.chrome.ChromeDriver
Capabilities {acceptInsecureCerts: false, browserName: chrome, browserVersion: 121.0.6167.140, chrome: {chromedriverVersion: 121.0.6167.85 (3f98d690ad7e..., userDataDir: C:\Users\Rahul\AppData\Loca...}, fedcm:accounts: true, goog:chromeOptions: {debuggerAddress: localhost:49616}, javascriptEnabled: true, networkConnectionEnabled: false, pageLoadStrategy: normal, platform: WINDOWS, platformName: WINDOWS, proxy: Proxy(), setWindowRect: true, strictFileInteractability: false, timeouts: {implicit: 0, pageLoad: 300000, script: 30000}, unhandledPromptBehavior: dismiss and notify, webauthn:extension:credBlob: true, webauthn:extension:largeBlob: true, webauthn:extension:minPinLength: true, webauthn:extension:prf: true, webauthn:virtualAuthenticators: true}
Session ID: 411864444fab8fd7114049cffa1193a5
*** Element info: {Using=xpath, value=//button[text()=&amp;apos;Okay&amp;apos;]}">
      <![CDATA[org.openqa.selenium.WebDriverException: disconnected: not connected to DevTools
  (failed to check if window was closed: disconnected: not connected to DevTools)
  (Session info: chrome=121.0.6167.140)
Build info: version: '3.141.59', revision: 'e82be7d358', time: '2018-11-14T08:17:03'
System info: host: 'DESKTOP-PTF1H2O', ip: '192.168.1.8', os.name: 'Windows 10', os.arch: 'amd64', os.version: '10.0', java.version: '19.0.1'
Driver info: org.openqa.selenium.chrome.ChromeDriver
Capabilities {acceptInsecureCerts: false, browserName: chrome, browserVersion: 121.0.6167.140, chrome: {chromedriverVersion: 121.0.6167.85 (3f98d690ad7e..., userDataDir: C:\Users\Rahul\AppData\Loca...}, fedcm:accounts: true, goog:chromeOptions: {debuggerAddress: localhost:49616}, javascriptEnabled: true, networkConnectionEnabled: false, pageLoadStrategy: normal, platform: WINDOWS, platformName: WINDOWS, proxy: Proxy(), setWindowRect: true, strictFileInteractability: false, timeouts: {implicit: 0, pageLoad: 300000, script: 30000}, unhandledPromptBehavior: dismiss and notify, webauthn:extension:credBlob: true, webauthn:extension:largeBlob: true, webauthn:extension:minPinLength: true, webauthn:extension:prf: true, webauthn:virtualAuthenticators: true}
Session ID: 411864444fab8fd7114049cffa1193a5
*** Element info: {Using=xpath, value=//button[text()='Okay']}
at org.openqa.selenium.remote.http.W3CHttpResponseCodec.createException(W3CHttpResponseCodec.java:187)
at org.openqa.selenium.remote.http.W3CHttpResponseCodec.decode(W3CHttpResponseCodec.java:122)
at org.openqa.selenium.remote.http.W3CHttpResponseCodec.decode(W3CHttpResponseCodec.java:49)
at org.openqa.selenium.remote.HttpCommandExecutor.execute(HttpCommandExecutor.java:158)
at org.openqa.selenium.remote.service.DriverCommandExecutor.execute(DriverCommandExecutor.java:83)
at org.openqa.selenium.remote.RemoteWebDriver.execute(RemoteWebDriver.java:552)
at org.openqa.selenium.remote.RemoteWebDriver.findElement(RemoteWebDriver.java:323)
at org.openqa.selenium.remote.RemoteWebDriver.findElementByXPath(RemoteWebDriver.java:428)
at org.openqa.selenium.By$ByXPath.findElement(By.java:353)
at org.openqa.selenium.remote.RemoteWebDriver.findElement(RemoteWebDriver.java:315)
at org.openqa.selenium.support.pagefactory.DefaultElementLocator.findElement(DefaultElementLocator.java:69)
at org.openqa.selenium.support.pagefactory.internal.LocatingElementHandler.invoke(LocatingElementHandler.java:38)
at jdk.proxy2/jdk.proxy2.$Proxy26.isDisplayed(Unknown Source)
at com.buildpiper.capabilities.UICapability.ui_IsElementDisplay(UICapability.java:193)
at com.buildpiper.capabilities.UICapability.ui_click(UICapability.java:68)
at com.buildpiper.base.Capability.ui_click(Capability.java:69)
at com.buildpiper.pages.EnvironmentCreationPage.CreateEnvironmentwithSecret_KeyValuePair(EnvironmentCreationPage.java:1585)
at com.buildpiper.testcases.EnvironmentTestcasesExecution.CreateEnvironmentwithSecret_KeyValuePair(EnvironmentTestcasesExecution.java:243)
at java.base/java.util.ArrayList.forEach(ArrayList.java:1511)
... Removed 28 stack frames]]>
    </failure>
  </testcase> <!-- CreateEnvironmentwithSecret_KeyValuePair -->
  <testcase classname="com.buildpiper.testcases.BuildPiperTestcasesExecution" name="createSchedulePipeline" time="0.0">
    <skipped/>
  </testcase> <!-- createSchedulePipeline -->
  <testcase classname="com.buildpiper.testcases.BuildPiperTestcasesExecution" name="CreateBasicPipeLineNegative1" time="0.0">
    <ignored/>
  </testcase> <!-- CreateBasicPipeLineNegative1 -->
  <testcase classname="com.buildpiper.base.TestBase" name="@BeforeSuite setUp" time="0.0">
    <ignored/>
  </testcase> <!-- @BeforeSuite setUp -->
  <testcase classname="com.buildpiper.base.TestBase" name="@BeforeSuite setUp" time="0.0">
    <ignored/>
  </testcase> <!-- @BeforeSuite setUp -->
  <testcase classname="com.buildpiper.base.TestBase" name="@BeforeSuite setUp" time="0.0">
    <ignored/>
  </testcase> <!-- @BeforeSuite setUp -->
  <testcase classname="com.buildpiper.testcases.BuildPiperTestcasesExecution" name="CreateBasicPipeLineNegative2" time="0.0">
    <ignored/>
  </testcase> <!-- CreateBasicPipeLineNegative2 -->
  <testcase classname="com.buildpiper.testcases.ServiceCreationTestcases" name="ServiceOverviewSearch" time="0.0">
    <ignored/>
  </testcase> <!-- ServiceOverviewSearch -->
  <testcase classname="com.buildpiper.testcases.EnvironmentTestcasesExecution" name="ConfigureEnvironmentViaUploadFile" time="0.0">
    <ignored/>
  </testcase> <!-- ConfigureEnvironmentViaUploadFile -->
  <testcase classname="com.buildpiper.testcases.EnvironmentTestcasesExecution" name="DowntimeEnvNegativeTest2" time="0.0">
    <ignored/>
  </testcase> <!-- DowntimeEnvNegativeTest2 -->
  <testcase classname="com.buildpiper.testcases.ServiceCreationComprehensiveTestCases" name="deploymentRestart" time="0.0">
    <ignored/>
  </testcase> <!-- deploymentRestart -->
  <testcase classname="com.buildpiper.testcases.ServiceCreationTestcases" name="EditandDeleteService" time="0.0">
    <ignored/>
  </testcase> <!-- EditandDeleteService -->
  <testcase classname="com.buildpiper.testcases.ServiceCreationTestcases" name="CreateSesrviceNegativeTest1" time="0.0">
    <ignored/>
  </testcase> <!-- CreateSesrviceNegativeTest1 -->
  <testcase classname="com.buildpiper.testcases.EnvironmentTestcasesExecution" name="DeleteEnvironment" time="0.0">
    <ignored/>
  </testcase> <!-- DeleteEnvironment -->
  <testcase classname="com.buildpiper.testcases.EnvironmentTestcasesExecution" name="EditEnvironmentDetail" time="0.0">
    <ignored/>
  </testcase> <!-- EditEnvironmentDetail -->
  <testcase classname="com.buildpiper.testcases.EnvironmentTestcasesExecution" name="CreateEnvironemntsWithVersioning" time="0.0">
    <ignored/>
  </testcase> <!-- CreateEnvironemntsWithVersioning -->
  <testcase classname="com.buildpiper.testcases.EnvironmentTestcasesExecution" name="DowntimeScaleUp" time="0.0">
    <ignored/>
  </testcase> <!-- DowntimeScaleUp -->
  <testcase classname="com.buildpiper.testcases.BuildPiperTestcasesExecution" name="CreateJiraPipeLine" time="0.0">
    <ignored/>
  </testcase> <!-- CreateJiraPipeLine -->
  <testcase classname="com.buildpiper.testcases.ServiceCreationComprehensiveTestCases" name="serviceOverview_TriggerBuildAndDeploy_Cache" time="0.0">
    <ignored/>
  </testcase> <!-- serviceOverview_TriggerBuildAndDeploy_Cache -->
  <testcase classname="com.buildpiper.testcases.ServiceCreationTestcases" name="CreateBuildXService" time="0.0">
    <ignored/>
  </testcase> <!-- CreateBuildXService -->
  <testcase classname="com.buildpiper.testcases.ServiceCreationComprehensiveTestCases" name="serviceOverview_TriggerBuild_NoCache" time="0.0">
    <ignored/>
  </testcase> <!-- serviceOverview_TriggerBuild_NoCache -->
  <testcase classname="com.buildpiper.testcases.EnvironmentTestcasesExecution" name="ConfigureSecretsViaUploadFile" time="0.0">
    <ignored/>
  </testcase> <!-- ConfigureSecretsViaUploadFile -->
  <testcase classname="com.buildpiper.testcases.BuildPiperTestcasesExecution" name="EditPipeline" time="0.0">
    <ignored/>
  </testcase> <!-- EditPipeline -->
  <testcase classname="com.buildpiper.testcases.ServiceCreationComprehensiveTestCases" name="serviceOverview_History" time="0.0">
    <ignored/>
  </testcase> <!-- serviceOverview_History -->
  <testcase classname="com.buildpiper.testcases.ServiceCreationComprehensiveTestCases" name="serviceOverview_Deploy" time="0.0">
    <ignored/>
  </testcase> <!-- serviceOverview_Deploy -->
  <testcase classname="com.buildpiper.testcases.BuildPiperTestcasesExecution" name="BuildPipeLine" time="0.0">
    <ignored/>
  </testcase> <!-- BuildPipeLine -->
  <testcase classname="com.buildpiper.testcases.EnvironmentTestcasesExecution" name="CreateEnvironmentNegativeTest1" time="0.0">
    <ignored/>
  </testcase> <!-- CreateEnvironmentNegativeTest1 -->
  <testcase classname="com.buildpiper.testcases.BuildPiperTestcasesExecution" name="createSCMPollPipeline" time="0.0">
    <ignored/>
  </testcase> <!-- createSCMPollPipeline -->
  <testcase classname="com.buildpiper.testcases.ServiceCreationComprehensiveTestCases" name="serviceOverview_TriggerBuild_Cache" time="0.0">
    <ignored/>
  </testcase> <!-- serviceOverview_TriggerBuild_Cache -->
  <testcase classname="com.buildpiper.testcases.BuildPiperTestcasesExecution" name="managePopupTest" time="0.0">
    <ignored/>
  </testcase> <!-- managePopupTest -->
  <testcase classname="com.buildpiper.testcases.EnvironmentTestcasesExecution" name="DowntimeEnvNegativeTest1" time="0.0">
    <ignored/>
  </testcase> <!-- DowntimeEnvNegativeTest1 -->
  <testcase classname="com.buildpiper.testcases.ServiceCreationTestcases" name="BuildDeployAlternate" time="0.0">
    <ignored/>
  </testcase> <!-- BuildDeployAlternate -->
  <testcase classname="com.buildpiper.testcases.BuildPiperTestcasesExecution" name="CreateBasicPipeLine_logs" time="0.0">
    <ignored/>
  </testcase> <!-- CreateBasicPipeLine_logs -->
  <testcase classname="com.buildpiper.testcases.EnvironmentTestcasesExecution" name="CreateEnvironment" time="0.0">
    <ignored/>
  </testcase> <!-- CreateEnvironment -->
  <testcase classname="com.buildpiper.base.TestBase" name="@AfterTest tearDown" time="0.0">
    <ignored/>
  </testcase> <!-- @AfterTest tearDown -->
  <testcase classname="com.buildpiper.base.TestBase" name="@AfterTest tearDown" time="0.0">
    <ignored/>
  </testcase> <!-- @AfterTest tearDown -->
  <testcase classname="com.buildpiper.base.TestBase" name="@AfterTest tearDown" time="0.0">
    <ignored/>
  </testcase> <!-- @AfterTest tearDown -->
  <testcase classname="com.buildpiper.base.TestBase" name="@BeforeTest Reportsetup" time="0.0">
    <ignored/>
  </testcase> <!-- @BeforeTest Reportsetup -->
  <testcase classname="com.buildpiper.base.TestBase" name="@BeforeTest Reportsetup" time="0.0">
    <ignored/>
  </testcase> <!-- @BeforeTest Reportsetup -->
  <testcase classname="com.buildpiper.base.TestBase" name="@BeforeTest Reportsetup" time="0.0">
    <ignored/>
  </testcase> <!-- @BeforeTest Reportsetup -->
  <testcase classname="com.buildpiper.testcases.ServiceCreationTestcases" name="EditandDeleteServiceEnvironment" time="0.0">
    <ignored/>
  </testcase> <!-- EditandDeleteServiceEnvironment -->
  <testcase classname="com.buildpiper.testcases.ServiceCreationTestcases" name="EditAndDeployHPA" time="0.0">
    <ignored/>
  </testcase> <!-- EditAndDeployHPA -->
  <testcase classname="com.buildpiper.testcases.EnvironmentTestcasesExecution" name="EnvironmentLevelSearch" time="0.0">
    <ignored/>
  </testcase> <!-- EnvironmentLevelSearch -->
  <testcase classname="com.buildpiper.testcases.ServiceCreationComprehensiveTestCases" name="serviceOverview_Promote" time="0.0">
    <ignored/>
  </testcase> <!-- serviceOverview_Promote -->
  <testcase classname="com.buildpiper.testcases.EnvironmentTestcasesExecution" name="DowntimeScaleDown" time="0.0">
    <ignored/>
  </testcase> <!-- DowntimeScaleDown -->
</testsuite> <!-- RegressionSuite -->
